./JACOBI 1 < caso100.in
Num hilos:	1
Iteraciones:	21
Tama単o matriz:	100
Lectura:	0.003111 seg
Jacobi:		0.001170 seg
Total:		0.004281 seg

./JACOBI 2 < caso100.in
Num hilos:	2
Iteraciones:	21
Tama単o matriz:	100
Lectura:	0.003015 seg
Jacobi:		0.014966 seg
Total:		0.017981 seg

./JACOBI 4 < caso100.in
Num hilos:	4
Iteraciones:	21
Tama単o matriz:	100
Lectura:	0.002910 seg
Jacobi:		0.018496 seg
Total:		0.021406 seg

./JACOBI 8 < caso100.in
Num hilos:	8
Iteraciones:	20
Tama単o matriz:	100
Lectura:	0.003019 seg
Jacobi:		0.042263 seg
Total:		0.045282 seg

