./JACOBI 1 < caso100.in
Num hilos:	1
Iteraciones:	21
Tama単o matriz:	100
Lectura:	0.003166 seg
Jacobi:		0.001264 seg
Total:		0.004430 seg

./JACOBI 2 < caso100.in
Num hilos:	2
Iteraciones:	21
Tama単o matriz:	100
Lectura:	0.003646 seg
Jacobi:		0.015131 seg
Total:		0.018777 seg

./JACOBI 4 < caso100.in
Num hilos:	4
Iteraciones:	21
Tama単o matriz:	100
Lectura:	0.002992 seg
Jacobi:		0.018351 seg
Total:		0.021343 seg

./JACOBI 8 < caso100.in
Num hilos:	8
Iteraciones:	20
Tama単o matriz:	100
Lectura:	0.002887 seg
Jacobi:		0.045783 seg
Total:		0.048670 seg

