./JACOBI 1 < caso100.in
Num hilos:	1
Iteraciones:	21
Tama単o matriz:	100
Lectura:	0.002914 seg
Jacobi:		0.001170 seg
Total:		0.004084 seg

./JACOBI 2 < caso100.in
Num hilos:	2
Iteraciones:	21
Tama単o matriz:	100
Lectura:	0.002899 seg
Jacobi:		0.014782 seg
Total:		0.017681 seg

./JACOBI 4 < caso100.in
Num hilos:	4
Iteraciones:	21
Tama単o matriz:	100
Lectura:	0.003034 seg
Jacobi:		0.018228 seg
Total:		0.021262 seg

./JACOBI 8 < caso100.in
Num hilos:	8
Iteraciones:	20
Tama単o matriz:	100
Lectura:	0.002932 seg
Jacobi:		0.042583 seg
Total:		0.045515 seg

